{
  "stats": {
    "suites": 2,
    "tests": 2,
    "passes": 2,
    "pending": 0,
    "failures": 0,
    "start": "2022-03-15T05:39:03.533Z",
    "end": "2022-03-15T05:39:04.011Z",
    "duration": 478,
    "testsRegistered": 2,
    "passPercent": 100,
    "pendingPercent": 0,
    "other": 0,
    "hasOther": false,
    "skipped": 0,
    "hasSkipped": false
  },
  "results": [
    {
      "uuid": "20812c46-e728-41b6-939c-9fdeb1546d54",
      "title": "",
      "fullFile": "",
      "file": "",
      "beforeHooks": [],
      "afterHooks": [],
      "tests": [],
      "suites": [
        {
          "uuid": "deae24be-312c-44e2-8528-2e38a8a5d204",
          "title": " Invalid User Authentication",
          "fullFile": "C:\\Users\\takhi\\Desktop\\UB\\CSE 442\\UB OfficeHourZ\\cse442\\test\\invalidLoginTest.js",
          "file": "\\test\\invalidLoginTest.js",
          "beforeHooks": [
            {
              "title": "\"before all\" hook in \" Invalid User Authentication\"",
              "fullTitle": " Invalid User Authentication \"before all\" hook in \" Invalid User Authentication\"",
              "timedOut": null,
              "duration": 6,
              "state": null,
              "speed": null,
              "pass": false,
              "fail": false,
              "pending": null,
              "context": null,
              "code": "this.timeout(timeOut);\n\ndriver = new webdriver.Builder()\n    .forBrowser('chrome')\n    .withCapabilities(chromeCapabilities)\n    .build();",
              "err": {},
              "uuid": "cf962492-4768-465c-b84b-5fbd4c52ba8e",
              "parentUUID": null,
              "isHook": true,
              "skipped": false
            },
            {
              "title": "\"before each\" hook in \" Invalid User Authentication\"",
              "fullTitle": " Invalid User Authentication \"before each\" hook in \" Invalid User Authentication\"",
              "timedOut": null,
              "duration": 0,
              "state": null,
              "speed": null,
              "pass": false,
              "fail": false,
              "pending": null,
              "context": null,
              "code": "this.timeout(timeOut);\ndriver.get(\"https://cse442-office-hours-app.herokuapp.com/\");",
              "err": {},
              "uuid": "a3404fea-7e42-40d1-91f5-71431e1c25ef",
              "parentUUID": null,
              "isHook": true,
              "skipped": false
            }
          ],
          "afterHooks": [],
          "tests": [
            {
              "title": "Invalid email format",
              "fullTitle": " Invalid User Authentication Invalid email format",
              "timedOut": null,
              "duration": 2,
              "state": "passed",
              "speed": "fast",
              "pass": true,
              "fail": false,
              "pending": false,
              "context": null,
              "code": "driver.findElement(webdriver.By.name('email')).sendKeys('student86@gmail.com');\ndriver.findElement(webdriver.By.name('password')).sendKeys('student86');\ndriver.findElement(webdriver.By.id('log in')).click();",
              "err": {},
              "uuid": "03cd5a22-dba1-44dd-b390-e835936d044d",
              "parentUUID": null,
              "isHook": false,
              "skipped": false
            }
          ],
          "suites": [],
          "passes": [
            "03cd5a22-dba1-44dd-b390-e835936d044d"
          ],
          "failures": [],
          "pending": [],
          "skipped": [],
          "duration": 2,
          "root": false,
          "rootEmpty": false,
          "_timeout": null
        },
        {
          "uuid": "d3e4da73-6c5a-4651-80aa-0aeccde82e1e",
          "title": " Valid User Authentication",
          "fullFile": "C:\\Users\\takhi\\Desktop\\UB\\CSE 442\\UB OfficeHourZ\\cse442\\test\\loginTest.js",
          "file": "\\test\\loginTest.js",
          "beforeHooks": [
            {
              "title": "\"before all\" hook in \" Valid User Authentication\"",
              "fullTitle": " Valid User Authentication \"before all\" hook in \" Valid User Authentication\"",
              "timedOut": null,
              "duration": 5,
              "state": null,
              "speed": null,
              "pass": false,
              "fail": false,
              "pending": null,
              "context": null,
              "code": "this.timeout(timeOut);\n\ndriver = new webdriver.Builder()\n    .forBrowser('chrome')\n    .withCapabilities(chromeCapabilities)\n    .build();",
              "err": {},
              "uuid": "f8e595e9-e317-4267-8f8b-f4f5418a4ae4",
              "parentUUID": null,
              "isHook": true,
              "skipped": false
            },
            {
              "title": "\"before each\" hook in \" Valid User Authentication\"",
              "fullTitle": " Valid User Authentication \"before each\" hook in \" Valid User Authentication\"",
              "timedOut": null,
              "duration": 0,
              "state": null,
              "speed": null,
              "pass": false,
              "fail": false,
              "pending": null,
              "context": null,
              "code": "this.timeout(timeOut);\ndriver.get(\"https://cse442-office-hours-app.herokuapp.com/\");",
              "err": {},
              "uuid": "f298b8bc-d677-41d3-a90f-cfa929272025",
              "parentUUID": null,
              "isHook": true,
              "skipped": false
            }
          ],
          "afterHooks": [],
          "tests": [
            {
              "title": "User can login successfully with proper buffalo.edu email",
              "fullTitle": " Valid User Authentication User can login successfully with proper buffalo.edu email",
              "timedOut": null,
              "duration": 1,
              "state": "passed",
              "speed": "fast",
              "pass": true,
              "fail": false,
              "pending": false,
              "context": null,
              "code": "driver.findElement(webdriver.By.name('email')).sendKeys('student86@buffalo.edu');\ndriver.findElement(webdriver.By.name('password')).sendKeys('student86');\ndriver.findElement(webdriver.By.id('log in')).click();\ndriver.getTitle().then( function(the_title){\n    assert.equal(\"Home\", the_title);\n});",
              "err": {},
              "uuid": "06e029d1-c524-4f35-9c26-4fb018f617e4",
              "parentUUID": null,
              "isHook": false,
              "skipped": false
            }
          ],
          "suites": [],
          "passes": [
            "06e029d1-c524-4f35-9c26-4fb018f617e4"
          ],
          "failures": [],
          "pending": [],
          "skipped": [],
          "duration": 1,
          "root": false,
          "rootEmpty": false,
          "_timeout": null
        }
      ],
      "passes": [],
      "failures": [],
      "pending": [],
      "skipped": [],
      "duration": 0,
      "root": true,
      "rootEmpty": true,
      "_timeout": 0
    }
  ],
  "meta": {
    "mocha": {
      "version": "9.2.2"
    },
    "mochawesome": {
      "options": {
        "quiet": false,
        "reportFilename": "mochawesome",
        "saveHtml": true,
        "saveJson": true,
        "consoleReporter": "spec",
        "useInlineDiffs": false,
        "code": true
      },
      "version": "7.1.2"
    },
    "marge": {
      "options": null,
      "version": "6.1.1"
    }
  }
}